<?xml version="1.0" encoding="UTF-8"?>
<!-- Generated by org.testng.reporters.JUnitXMLReporter -->
<testsuite hostname="Aparnas-MBP.hsd1.ca.comcast.net" ignored="0" name="Default test" tests="6" failures="1" timestamp="10 Apr 2022 19:22:52 GMT" time="4.811" errors="0">
  <testcase name="CreateAPlayList" time="3.422" classname="com.spotify.oauth2.tests.AparnaTest"/>
  <testcase name="GET_playlist" time="0.273" classname="com.spotify.oauth2.tests.AparnaTest"/>
  <testcase name="GetAPlayList" time="0.239" classname="com.spotify.oauth2.tests.AparnaTest">
    <failure type="java.lang.AssertionError" message="
Expected: &amp;quot;UPDATED PlayList&amp;quot;
     but: was &amp;quot;Playlisto qRr__ _,&amp;quot;">
      <![CDATA[java.lang.AssertionError: 
Expected: "UPDATED PlayList"
     but: was "Playlisto qRr__ _,"
at org.hamcrest.MatcherAssert.assertThat(MatcherAssert.java:18)
at org.hamcrest.MatcherAssert.assertThat(MatcherAssert.java:6)
at com.spotify.oauth2.tests.AparnaTest.assertPlayListEqual(AparnaTest.java:52)
at com.spotify.oauth2.tests.AparnaTest.GetAPlayList(AparnaTest.java:134)
at sun.reflect.NativeMethodAccessorImpl.invoke0(Native Method)
at sun.reflect.NativeMethodAccessorImpl.invoke(NativeMethodAccessorImpl.java:62)
at sun.reflect.DelegatingMethodAccessorImpl.invoke(DelegatingMethodAccessorImpl.java:43)
at java.lang.reflect.Method.invoke(Method.java:498)
at org.testng.internal.MethodInvocationHelper.invokeMethod(MethodInvocationHelper.java:124)
at org.testng.internal.Invoker.invokeMethod(Invoker.java:583)
at org.testng.internal.Invoker.invokeTestMethod(Invoker.java:719)
at org.testng.internal.Invoker.invokeTestMethods(Invoker.java:989)
at org.testng.internal.TestMethodWorker.invokeTestMethods(TestMethodWorker.java:125)
at org.testng.internal.TestMethodWorker.run(TestMethodWorker.java:109)
at org.testng.TestRunner.privateRun(TestRunner.java:648)
at org.testng.TestRunner.run(TestRunner.java:505)
at org.testng.SuiteRunner.runTest(SuiteRunner.java:455)
at org.testng.SuiteRunner.runSequentially(SuiteRunner.java:450)
at org.testng.SuiteRunner.privateRun(SuiteRunner.java:415)
at org.testng.SuiteRunner.run(SuiteRunner.java:364)
at org.testng.SuiteRunnerWorker.runSuite(SuiteRunnerWorker.java:52)
at org.testng.SuiteRunnerWorker.run(SuiteRunnerWorker.java:84)
at org.testng.TestNG.runSuitesSequentially(TestNG.java:1208)
at org.testng.TestNG.runSuitesLocally(TestNG.java:1137)
at org.testng.TestNG.runSuites(TestNG.java:1049)
at org.testng.TestNG.run(TestNG.java:1017)
at org.testng.remote.AbstractRemoteTestNG.run(AbstractRemoteTestNG.java:115)
at org.testng.remote.RemoteTestNG.initAndRun(RemoteTestNG.java:251)
at org.testng.remote.RemoteTestNG.main(RemoteTestNG.java:77)
]]>
    </failure>
  </testcase> <!-- GetAPlayList -->
  <testcase name="Negative_CreateAPlayList_with_ExpiredToken" time="0.27" classname="com.spotify.oauth2.tests.AparnaTest"/>
  <testcase name="Negative_CreateAPlayList_with_nullName" time="0.197" classname="com.spotify.oauth2.tests.AparnaTest"/>
  <testcase name="PutAPlayList" time="0.279" classname="com.spotify.oauth2.tests.AparnaTest"/>
</testsuite> <!-- Default test -->
