<?xml version="1.0" encoding="UTF-8"?>
<testsuite xmlns:xsi="http://www.w3.org/2001/XMLSchema-instance" xsi:noNamespaceSchemaLocation="https://maven.apache.org/surefire/maven-surefire-plugin/xsd/surefire-test-report-3.0.xsd" version="3.0" name="com.spotify.oauth2.tests.PlayListTest" time="4.601" tests="5" errors="0" skipped="0" failures="4">
  <properties>
[...]
</properties>
  <testcase name="CreateAPlayList" classname="com.spotify.oauth2.tests.PlayListTest" time="1.497">
    <failure message="1 expectation failed.&#10;Expected status code &lt;201&gt; but was &lt;401&gt;.&#10;" type="java.lang.AssertionError"><![CDATA[java.lang.AssertionError: 
1 expectation failed.
Expected status code <201> but was <401>.

	at com.spotify.oauth2.tests.PlayListTest.CreateAPlayList(PlayListTest.java:64)
]]></failure>
    <system-out><![CDATA[Request method:	POST
Request URI:	https://api.spotify.com/v1/users/317uyxvqw3wz6ovd5s4vl3sfrige/playlists
Proxy:			<none>
Request params:	<none>
Query params:	<none>
Form params:	<none>
Path params:	<none>
Headers:		Authorization=Bearer BQCHzpqteBS5GPVHiVqJ-Vgl_3aDw3bxaNJvhgl3ErCqHYTTXe2LXkU0mi7ieWCH_c0C9hOsK7S5DxsQeHoxmyJn5-JcHUYdaL_k2RMef1o4CGlA6yZy4w9GJswuRXGKAyjOmzKbMJ0UBxPeRveJQExrqq421XhHoUCrNSQpdBDlb_2YsrmkuhMUXM0feBQuJDjwpp4caduN5tF_gyszCwkgOfDqE_Tl0yz9WLPqXPI9XUJu
				Accept=*/*
				Content-Type=application/json; charset=UTF-8
Cookies:		<none>
Multiparts:		<none>
Body:
{
    "name": "Yohan",
    "description": "Yohan description",
    "public": false
}
HTTP/1.1 401 Unauthorized
www-authenticate: Bearer realm="spotify", error="invalid_token", error_description="The access token expired"
access-control-allow-origin: *
access-control-allow-headers: Accept, App-Platform, Authorization, Content-Type, Origin, Retry-After, Spotify-App-Version, X-Cloud-Trace-Context, client-token, content-access-token
access-control-allow-methods: GET, POST, OPTIONS, PUT, DELETE, PATCH
access-control-allow-credentials: true
access-control-max-age: 604800
content-type: application/json
content-encoding: gzip
strict-transport-security: max-age=31536000
x-content-type-options: nosniff
date: Sun, 10 Apr 2022 17:22:05 GMT
server: envoy
Via: HTTP/2 edgeproxy, 1.1 google
Alt-Svc: clear
Transfer-Encoding: chunked

{
    "error": {
        "status": 401,
        "message": "The access token expired"
    }
}
]]></system-out>
  </testcase>
  <testcase name="GetAPlayList" classname="com.spotify.oauth2.tests.PlayListTest" time="0.234">
    <failure message="1 expectation failed.&#10;Expected status code &lt;200&gt; but was &lt;401&gt;.&#10;" type="java.lang.AssertionError"><![CDATA[java.lang.AssertionError: 
1 expectation failed.
Expected status code <200> but was <401>.

	at com.spotify.oauth2.tests.PlayListTest.GetAPlayList(PlayListTest.java:84)
]]></failure>
    <system-out><![CDATA[Request method:	GET
Request URI:	https://api.spotify.com/v1/playlists/
Proxy:			<none>
Request params:	<none>
Query params:	<none>
Form params:	<none>
Path params:	<none>
Headers:		Authorization=Bearer BQCHzpqteBS5GPVHiVqJ-Vgl_3aDw3bxaNJvhgl3ErCqHYTTXe2LXkU0mi7ieWCH_c0C9hOsK7S5DxsQeHoxmyJn5-JcHUYdaL_k2RMef1o4CGlA6yZy4w9GJswuRXGKAyjOmzKbMJ0UBxPeRveJQExrqq421XhHoUCrNSQpdBDlb_2YsrmkuhMUXM0feBQuJDjwpp4caduN5tF_gyszCwkgOfDqE_Tl0yz9WLPqXPI9XUJu
				Accept=*/*
				Content-Type=application/json; charset=UTF-8
Cookies:		<none>
Multiparts:		<none>
Body:			<none>
HTTP/1.1 401 Unauthorized
www-authenticate: Bearer realm="spotify", error="invalid_token", error_description="The access token expired"
access-control-allow-origin: *
access-control-allow-headers: Accept, App-Platform, Authorization, Content-Type, Origin, Retry-After, Spotify-App-Version, X-Cloud-Trace-Context, client-token, content-access-token
access-control-allow-methods: GET, POST, OPTIONS, PUT, DELETE, PATCH
access-control-allow-credentials: true
access-control-max-age: 604800
content-type: application/json
content-encoding: gzip
strict-transport-security: max-age=31536000
x-content-type-options: nosniff
date: Sun, 10 Apr 2022 17:22:05 GMT
server: envoy
Via: HTTP/2 edgeproxy, 1.1 google
Alt-Svc: clear
Transfer-Encoding: chunked

{
    "error": {
        "status": 401,
        "message": "The access token expired"
    }
}
]]></system-out>
  </testcase>
  <testcase name="Negative_CreateAPlayList_with_ExpiredToken" classname="com.spotify.oauth2.tests.PlayListTest" time="0.744">
    <system-out><![CDATA[Request method:	POST
Request URI:	https://api.spotify.com/v1/users/317uyxvqw3wz6ovd5s4vl3sfrige/playlists
Proxy:			<none>
Request params:	<none>
Query params:	<none>
Form params:	<none>
Path params:	<none>
Headers:		Authorization=Bearer sdfsdfsfsfs
				Accept=*/*
				Content-Type=text/plain; charset=ISO-8859-1
Cookies:		<none>
Multiparts:		<none>
Body:
{
  "name": "ASASAS",
  "description": "ASASAS description",
  "public": false
}
HTTP/1.1 401 Unauthorized
www-authenticate: Bearer realm="spotify", error="invalid_token", error_description="Invalid access token"
access-control-allow-origin: *
access-control-allow-headers: Accept, App-Platform, Authorization, Content-Type, Origin, Retry-After, Spotify-App-Version, X-Cloud-Trace-Context, client-token, content-access-token
access-control-allow-methods: GET, POST, OPTIONS, PUT, DELETE, PATCH
access-control-allow-credentials: true
access-control-max-age: 604800
content-type: application/json
content-encoding: gzip
strict-transport-security: max-age=31536000
x-content-type-options: nosniff
date: Sun, 10 Apr 2022 17:22:06 GMT
server: envoy
Via: HTTP/2 edgeproxy, 1.1 google
Alt-Svc: clear
Transfer-Encoding: chunked

{
    "error": {
        "status": 401,
        "message": "Invalid access token"
    }
}
]]></system-out>
  </testcase>
  <testcase name="Negative_CreateAPlayList_with_nuppVAluue" classname="com.spotify.oauth2.tests.PlayListTest" time="0.191">
    <failure message="1 expectation failed.&#10;Expected status code &lt;400&gt; but was &lt;401&gt;.&#10;" type="java.lang.AssertionError"><![CDATA[java.lang.AssertionError: 
1 expectation failed.
Expected status code <400> but was <401>.

	at com.spotify.oauth2.tests.PlayListTest.Negative_CreateAPlayList_with_nuppVAluue(PlayListTest.java:166)
]]></failure>
    <system-out><![CDATA[Request method:	POST
Request URI:	https://api.spotify.com/v1/users/317uyxvqw3wz6ovd5s4vl3sfrige/playlists
Proxy:			<none>
Request params:	<none>
Query params:	<none>
Form params:	<none>
Path params:	<none>
Headers:		Authorization=Bearer BQCHzpqteBS5GPVHiVqJ-Vgl_3aDw3bxaNJvhgl3ErCqHYTTXe2LXkU0mi7ieWCH_c0C9hOsK7S5DxsQeHoxmyJn5-JcHUYdaL_k2RMef1o4CGlA6yZy4w9GJswuRXGKAyjOmzKbMJ0UBxPeRveJQExrqq421XhHoUCrNSQpdBDlb_2YsrmkuhMUXM0feBQuJDjwpp4caduN5tF_gyszCwkgOfDqE_Tl0yz9WLPqXPI9XUJu
				Accept=*/*
				Content-Type=application/json; charset=UTF-8
Cookies:		<none>
Multiparts:		<none>
Body:
{
    "name": "",
    "description": "ASASAS description",
    "public": false
}
HTTP/1.1 401 Unauthorized
www-authenticate: Bearer realm="spotify", error="invalid_token", error_description="The access token expired"
access-control-allow-origin: *
access-control-allow-headers: Accept, App-Platform, Authorization, Content-Type, Origin, Retry-After, Spotify-App-Version, X-Cloud-Trace-Context, client-token, content-access-token
access-control-allow-methods: GET, POST, OPTIONS, PUT, DELETE, PATCH
access-control-allow-credentials: true
access-control-max-age: 604800
content-type: application/json
content-encoding: gzip
strict-transport-security: max-age=31536000
x-content-type-options: nosniff
date: Sun, 10 Apr 2022 17:22:07 GMT
server: envoy
Via: HTTP/2 edgeproxy, 1.1 google
Alt-Svc: clear
Transfer-Encoding: chunked

{
    "error": {
        "status": 401,
        "message": "The access token expired"
    }
}
]]></system-out>
  </testcase>
  <testcase name="PutAPlayList" classname="com.spotify.oauth2.tests.PlayListTest" time="0.187">
    <failure message="1 expectation failed.&#10;Expected status code &lt;200&gt; but was &lt;401&gt;.&#10;" type="java.lang.AssertionError"><![CDATA[java.lang.AssertionError: 
1 expectation failed.
Expected status code <200> but was <401>.

	at com.spotify.oauth2.tests.PlayListTest.PutAPlayList(PlayListTest.java:108)
]]></failure>
    <system-out><![CDATA[created request id *****
Request method:	PUT
Request URI:	https://api.spotify.com/v1/playlists/
Proxy:			<none>
Request params:	<none>
Query params:	<none>
Form params:	<none>
Path params:	<none>
Headers:		Authorization=Bearer BQCHzpqteBS5GPVHiVqJ-Vgl_3aDw3bxaNJvhgl3ErCqHYTTXe2LXkU0mi7ieWCH_c0C9hOsK7S5DxsQeHoxmyJn5-JcHUYdaL_k2RMef1o4CGlA6yZy4w9GJswuRXGKAyjOmzKbMJ0UBxPeRveJQExrqq421XhHoUCrNSQpdBDlb_2YsrmkuhMUXM0feBQuJDjwpp4caduN5tF_gyszCwkgOfDqE_Tl0yz9WLPqXPI9XUJu
				Accept=*/*
				Content-Type=application/json; charset=UTF-8
Cookies:		<none>
Multiparts:		<none>
Body:
{
    "name": "Arin",
    "description": "Arin description",
    "public": false
}
HTTP/1.1 401 Unauthorized
www-authenticate: Bearer realm="spotify", error="invalid_token", error_description="The access token expired"
access-control-allow-origin: *
access-control-allow-headers: Accept, App-Platform, Authorization, Content-Type, Origin, Retry-After, Spotify-App-Version, X-Cloud-Trace-Context, client-token, content-access-token
access-control-allow-methods: GET, POST, OPTIONS, PUT, DELETE, PATCH
access-control-allow-credentials: true
access-control-max-age: 604800
content-type: application/json
content-encoding: gzip
strict-transport-security: max-age=31536000
x-content-type-options: nosniff
date: Sun, 10 Apr 2022 17:22:06 GMT
server: envoy
Via: HTTP/2 edgeproxy, 1.1 google
Alt-Svc: clear
Transfer-Encoding: chunked

{
    "error": {
        "status": 401,
        "message": "The access token expired"
    }
}
]]></system-out>
  </testcase>
</testsuite>