<?xml version="1.0" encoding="UTF-8"?>
<testng-results skipped="0" failed="1" ignored="0" total="5" passed="4">
  <reporter-output>
  </reporter-output>
  <suite name="Default suite" duration-ms="4500" started-at="2022-04-09T16:51:29Z" finished-at="2022-04-09T16:51:33Z">
    <groups>
    </groups>
    <test name="Default test" duration-ms="4500" started-at="2022-04-09T16:51:29Z" finished-at="2022-04-09T16:51:33Z">
      <class name="com.spotify.oauth2.tests.PlayListTest2">
        <test-method status="PASS" signature="CreateAPlayList()[pri:0, instance:com.spotify.oauth2.tests.PlayListTest2@f14e5bf]" name="CreateAPlayList" duration-ms="3315" started-at="2022-04-09T16:51:29Z" finished-at="2022-04-09T16:51:32Z">
          <reporter-output>
          </reporter-output>
        </test-method> <!-- CreateAPlayList -->
        <test-method status="FAIL" signature="GetAPlayList()[pri:0, instance:com.spotify.oauth2.tests.PlayListTest2@f14e5bf]" name="GetAPlayList" duration-ms="355" started-at="2022-04-09T16:51:32Z" finished-at="2022-04-09T16:51:33Z">
          <exception class="java.lang.AssertionError">
            <message>
              <![CDATA[
Expected: "Description -&+##&++#4r#8#q&##&6#+ K#&+## c__# _9em H # jj &+__CF0&   +"
     but: was "Description -&amp;+##&amp;++#4r#8#q&amp;##&amp;6#+ K#&amp;+## c__# _9em H # jj &amp;+__CF0&amp;   +"]]>
            </message>
            <full-stacktrace>
              <![CDATA[java.lang.AssertionError: 
Expected: "Description -&+##&++#4r#8#q&##&6#+ K#&+## c__# _9em H # jj &+__CF0&   +"
     but: was "Description -&amp;+##&amp;++#4r#8#q&amp;##&amp;6#+ K#&amp;+## c__# _9em H # jj &amp;+__CF0&amp;   +"
at org.hamcrest.MatcherAssert.assertThat(MatcherAssert.java:18)
at org.hamcrest.MatcherAssert.assertThat(MatcherAssert.java:6)
at com.spotify.oauth2.tests.PlayListTest2.assertPlayListEqual(PlayListTest2.java:54)
at com.spotify.oauth2.tests.PlayListTest2.GetAPlayList(PlayListTest2.java:123)
at sun.reflect.NativeMethodAccessorImpl.invoke0(Native Method)
at sun.reflect.NativeMethodAccessorImpl.invoke(NativeMethodAccessorImpl.java:62)
at sun.reflect.DelegatingMethodAccessorImpl.invoke(DelegatingMethodAccessorImpl.java:43)
at java.lang.reflect.Method.invoke(Method.java:498)
at org.testng.internal.MethodInvocationHelper.invokeMethod(MethodInvocationHelper.java:124)
at org.testng.internal.Invoker.invokeMethod(Invoker.java:583)
at org.testng.internal.Invoker.invokeTestMethod(Invoker.java:719)
at org.testng.internal.Invoker.invokeTestMethods(Invoker.java:989)
at org.testng.internal.TestMethodWorker.invokeTestMethods(TestMethodWorker.java:125)
at org.testng.internal.TestMethodWorker.run(TestMethodWorker.java:109)
at org.testng.TestRunner.privateRun(TestRunner.java:648)
at org.testng.TestRunner.run(TestRunner.java:505)
at org.testng.SuiteRunner.runTest(SuiteRunner.java:455)
at org.testng.SuiteRunner.runSequentially(SuiteRunner.java:450)
at org.testng.SuiteRunner.privateRun(SuiteRunner.java:415)
at org.testng.SuiteRunner.run(SuiteRunner.java:364)
at org.testng.SuiteRunnerWorker.runSuite(SuiteRunnerWorker.java:52)
at org.testng.SuiteRunnerWorker.run(SuiteRunnerWorker.java:84)
at org.testng.TestNG.runSuitesSequentially(TestNG.java:1208)
at org.testng.TestNG.runSuitesLocally(TestNG.java:1137)
at org.testng.TestNG.runSuites(TestNG.java:1049)
at org.testng.TestNG.run(TestNG.java:1017)
at org.testng.remote.AbstractRemoteTestNG.run(AbstractRemoteTestNG.java:115)
at org.testng.remote.RemoteTestNG.initAndRun(RemoteTestNG.java:251)
at org.testng.remote.RemoteTestNG.main(RemoteTestNG.java:77)
]]>
            </full-stacktrace>
          </exception> <!-- java.lang.AssertionError -->
          <reporter-output>
          </reporter-output>
        </test-method> <!-- GetAPlayList -->
        <test-method status="PASS" signature="Negative_CreateAPlayList_with_ExpiredToken()[pri:0, instance:com.spotify.oauth2.tests.PlayListTest2@f14e5bf]" name="Negative_CreateAPlayList_with_ExpiredToken" duration-ms="211" started-at="2022-04-09T16:51:33Z" finished-at="2022-04-09T16:51:33Z">
          <reporter-output>
          </reporter-output>
        </test-method> <!-- Negative_CreateAPlayList_with_ExpiredToken -->
        <test-method status="PASS" signature="Negative_CreateAPlayList_with_nullName()[pri:0, instance:com.spotify.oauth2.tests.PlayListTest2@f14e5bf]" name="Negative_CreateAPlayList_with_nullName" duration-ms="200" started-at="2022-04-09T16:51:33Z" finished-at="2022-04-09T16:51:33Z">
          <reporter-output>
          </reporter-output>
        </test-method> <!-- Negative_CreateAPlayList_with_nullName -->
        <test-method status="PASS" signature="PutAPlayList()[pri:0, instance:com.spotify.oauth2.tests.PlayListTest2@f14e5bf]" name="PutAPlayList" duration-ms="283" started-at="2022-04-09T16:51:33Z" finished-at="2022-04-09T16:51:33Z">
          <reporter-output>
          </reporter-output>
        </test-method> <!-- PutAPlayList -->
      </class> <!-- com.spotify.oauth2.tests.PlayListTest2 -->
    </test> <!-- Default test -->
  </suite> <!-- Default suite -->
</testng-results>
